<?xml version="1.0" encoding="UTF-8"?>
<testsuite name="MainKtTest" tests="2" skipped="0" failures="0" errors="0" timestamp="2022-07-05T14:53:13" hostname="LAPTOP-8GEDCGDV" time="0.007">
  <properties/>
  <testcase name="main" classname="MainKtTest" time="0.003"/>
  <testcase name="commission_When_Is_Default" classname="MainKtTest" time="0.004"/>
  <system-out><![CDATA[]]></system-out>
  <system-err><![CDATA[]]></system-err>
</testsuite>
