<?xml version="1.0" encoding="UTF-8"?>
<testsuite name="MainKtTest" tests="2" skipped="0" failures="0" errors="0" timestamp="2022-07-03T15:45:52" hostname="LAPTOP-8GEDCGDV" time="0.004">
  <properties/>
  <testcase name="main" classname="MainKtTest" time="0.004"/>
  <testcase name="commission" classname="MainKtTest" time="0.0"/>
  <system-out><![CDATA[]]></system-out>
  <system-err><![CDATA[]]></system-err>
</testsuite>
